<?xml version="1.0" encoding="UTF-8"?>
<!-- Generated by org.testng.reporters.JUnitReportReporter -->
<testsuite hostname="DESKTOP-AF4NVM0" failures="0" tests="1" name="api.DeleteUserTest" time="0.385" errors="0" timestamp="2025-05-12T11:12:06 IST" skipped="0">
  <testcase classname="api.DeleteUserTest" name="deleteUserTest" time="0.385"/>
</testsuite> <!-- api.DeleteUserTest -->
