<?xml version="1.0" encoding="UTF-8"?>
<!-- Generated by org.testng.reporters.JUnitReportReporter -->
<testsuite hostname="DESKTOP-AF4NVM0" failures="0" tests="1" name="api.CreateUserTest" time="1.040" errors="0" timestamp="2025-05-09T14:00:09 IST" skipped="0">
  <testcase classname="api.CreateUserTest" name="postcreateUserTest" time="1.040"/>
</testsuite> <!-- api.CreateUserTest -->
